<?xml version="1.0" encoding="UTF-8"?>
<!-- Generated by org.testng.reporters.JUnitReportReporter -->
<testsuite hostname="Vaibhav-PC" failures="0" tests="2" name="qaclickacademy.mavenjava.seleniumTest" time="0.026" errors="0" timestamp="2020-12-14T16:20:25 IST" skipped="0">
  <testcase classname="qaclickacademy.mavenjava.seleniumTest" name="BrowserAutomation" time="0.009"/>
  <system-out/>
  <testcase classname="qaclickacademy.mavenjava.seleniumTest" name="elementUI" time="0.017"/>
  <system-out/>
</testsuite> <!-- qaclickacademy.mavenjava.seleniumTest -->
