<?xml version="1.0" encoding="UTF-8"?>
<!-- Generated by org.testng.reporters.JUnitReportReporter -->
<testsuite hostname="Vaibhav-PC" failures="0" tests="2" name="qaclickacademy.mavenjava.appiumTest" time="0.021" errors="0" timestamp="2020-12-14T16:42:43 IST" skipped="0">
  <testcase classname="qaclickacademy.mavenjava.appiumTest" name="NativeAppiOS" time="0.002"/>
  <system-out/>
  <testcase classname="qaclickacademy.mavenjava.appiumTest" name="NativeAppAndroid" time="0.019"/>
  <system-out/>
</testsuite> <!-- qaclickacademy.mavenjava.appiumTest -->
