<?xml version="1.0" encoding="UTF-8"?>
<!-- Generated by org.testng.reporters.JUnitReportReporter -->
<testsuite hostname="Vaibhav-PC" failures="0" tests="2" name="qaclickacademy.mavenjava.seleniumTest" time="0.003" errors="0" timestamp="2020-12-14T16:42:43 IST" skipped="0">
  <testcase classname="qaclickacademy.mavenjava.seleniumTest" name="BrowserAutomation" time="0.002"/>
  <system-out/>
  <testcase classname="qaclickacademy.mavenjava.seleniumTest" name="elementUI" time="0.001"/>
  <system-out/>
</testsuite> <!-- qaclickacademy.mavenjava.seleniumTest -->
